INFO:root:--
Start a new round to find a better tgt event sequence
INFO:root:Timestamp: 2024-08-15 00:24:45.115259
INFO:root:Source Event:
{'class': 'android.widget.EditText', 'resource-id': 'acr.browser.lightning:id/search', 'text': 'Search', 'content-desc': '', 'clickable': 'true', 'password': 'false', 'parent_text': '', 'sibling_text': '', 'tid': 'a11', 'package': 'acr.browser.lightning', 'activity': '.MainActivity', 'ignorable': 'false', 'event_type': 'gui', 'action': ['click']}
INFO:root:(1/10) Validating Similar w: {'class': 'android.widget.EditText', 'resource-id': 'url', 'id-prefix': 'com.android.browser:id/', 'text': 'https://www.google.com/webhp?client=ms-android-google&source=android-home', 'content-desc': '', 'clickable': 'true', 'password': 'false', 'naf': '', 'parent_text': '', 'sibling_text': '', 'package': 'com.android.browser', 'activity': '.BrowserActivity'}
INFO:root:Activity transition: com.android.browser.BrowserActivity -> com.android.browser.BrowserActivity. 1 paths to validate.
INFO:root:** Learned for this step:
INFO:root:{'class': 'android.widget.EditText', 'resource-id': 'url', 'id-prefix': 'com.android.browser:id/', 'text': 'https://www.google.com/webhp?client=ms-android-google&source=android-home', 'content-desc': '', 'clickable': 'true', 'password': 'false', 'naf': '', 'parent_text': '', 'sibling_text': '', 'stepping_events': [], 'package': 'com.android.browser', 'activity': '.BrowserActivity', 'event_type': 'gui', 'score': 0.17178441071882844, 'action': ['click']}
INFO:root:--
INFO:root:Source Event:
{'class': 'android.widget.EditText', 'resource-id': 'acr.browser.lightning:id/search', 'text': 'Search', 'content-desc': '', 'clickable': 'true', 'password': 'false', 'parent_text': '', 'sibling_text': '', 'tid': 'a11', 'package': 'acr.browser.lightning', 'activity': '.MainActivity', 'ignorable': 'false', 'event_type': 'gui', 'action': ['send_keys_and_enter', 'https://www.ics.uci.edu']}
ERROR:root:Backtrack to the previous step due to an exception in execution.
INFO:root:Source Event:
{'class': 'android.widget.EditText', 'resource-id': 'acr.browser.lightning:id/search', 'text': 'Search', 'content-desc': '', 'clickable': 'true', 'password': 'false', 'parent_text': '', 'sibling_text': '', 'tid': 'a11', 'package': 'acr.browser.lightning', 'activity': '.MainActivity', 'ignorable': 'false', 'event_type': 'gui', 'action': ['click']}
INFO:root:(1/10) Validating Similar w: {'class': 'android.widget.EditText', 'resource-id': 'url', 'id-prefix': 'com.android.browser:id/', 'text': 'https://www.google.com/webhp?client=ms-android-google&source=android-home', 'content-desc': '', 'clickable': 'true', 'password': 'false', 'naf': '', 'parent_text': '', 'sibling_text': '', 'package': 'com.android.browser', 'activity': '.BrowserActivity'}
INFO:root:Skip a known broken event:
INFO:root:** Learned for this step:
INFO:root:{'class': 'EMPTY_EVENT', 'score': 0, 'event_type': 'gui'}
INFO:root:--
INFO:root:Source Event:
{'class': 'android.widget.EditText', 'resource-id': 'acr.browser.lightning:id/search', 'text': 'Search', 'content-desc': '', 'clickable': 'true', 'password': 'false', 'parent_text': '', 'sibling_text': '', 'tid': 'a11', 'package': 'acr.browser.lightning', 'activity': '.MainActivity', 'ignorable': 'false', 'event_type': 'gui', 'action': ['send_keys_and_enter', 'https://www.ics.uci.edu']}
INFO:root:(1/10) Validating Similar w: {'class': 'android.widget.EditText', 'resource-id': 'url', 'id-prefix': 'com.android.browser:id/', 'text': 'https://www.google.com/webhp?client=ms-android-google&source=android-home', 'content-desc': '', 'clickable': 'true', 'password': 'false', 'naf': '', 'parent_text': '', 'sibling_text': '', 'package': 'com.android.browser', 'activity': '.BrowserActivity'}
INFO:root:Activity transition: com.android.browser.BrowserActivity -> com.android.browser.BrowserActivity. 1 paths to validate.
INFO:root:** Learned for this step:
INFO:root:{'class': 'android.widget.EditText', 'resource-id': 'url', 'id-prefix': 'com.android.browser:id/', 'text': 'https://www.google.com/webhp?client=ms-android-google&source=android-home', 'content-desc': '', 'clickable': 'true', 'password': 'false', 'naf': '', 'parent_text': '', 'sibling_text': '', 'stepping_events': [], 'package': 'com.android.browser', 'activity': '.BrowserActivity', 'event_type': 'gui', 'score': 0.17178441071882844, 'action': ['send_keys_and_enter', 'https://www.ics.uci.edu']}
INFO:root:--
INFO:root:Source Event:
{'class': 'android.view.View', 'resource-id': '', 'text': '', 'content-desc': 'Donald Bren School of Information and Computer Sciences', 'clickable': 'true', 'password': 'false', 'parent_text': '', 'sibling_text': '', 'tid': 'a11', 'package': 'acr.browser.lightning', 'activity': '.MainActivity', 'ignorable': 'false', 'event_type': 'oracle', 'action': ['wait_until_element_presence', 10, 'xpath', '//android.view.View[@content-desc="Donald Bren School of Information and Computer Sciences"]']}
INFO:root:Running with configuration: custom-union-a-w-a21-a22-b22
INFO:root:Running with configuration: custom-union-a-w-a21-a22-b22
INFO:root:Running with configuration: custom-union-a-m-a21-a22-b22
INFO:root:Running with configuration: custom-union-n-w-a21-a22-b22
INFO:root:Running with configuration: custom-union-n-m-a21-a22-b22
INFO:root:Running with configuration: custom-union-d-w-a21-a22-b22
INFO:root:Running with configuration: custom-union-d-m-a21-a22-b22
INFO:root:Running with configuration: custom-union-r-w-a21-a22-b22
INFO:root:Running with configuration: custom-union-r-m-a21-a22-b22
INFO:root:Running with configuration: custom-union-o-w-a21-a22-b22
INFO:root:Running with configuration: custom-union-o-m-a21-a22-b22
INFO:root:Running with configuration: custom-union-i-w-a21-a22-b22
INFO:root:Running with configuration: custom-union-i-m-a21-a22-b22
INFO:root:Running with configuration: custom-union-d-w-a21-a22-b22
INFO:root:Running with configuration: custom-union-d-m-a21-a22-b22
INFO:root:Running with configuration: custom-atm-a-w-a21-a22-b22
INFO:root:Running with configuration: custom-atm-a-m-a21-a22-b22
INFO:root:Running with configuration: custom-atm-n-w-a21-a22-b22
INFO:root:Running with configuration: custom-atm-n-m-a21-a22-b22
INFO:root:Running with configuration: custom-atm-d-w-a21-a22-b22
INFO:root:Running with configuration: custom-atm-d-m-a21-a22-b22
INFO:root:Running with configuration: custom-atm-r-w-a21-a22-b22
INFO:root:Running with configuration: custom-atm-r-m-a21-a22-b22
INFO:root:Running with configuration: custom-atm-o-w-a21-a22-b22
INFO:root:Running with configuration: custom-atm-o-m-a21-a22-b22
INFO:root:Running with configuration: custom-atm-i-w-a21-a22-b22
INFO:root:Running with configuration: custom-atm-i-m-a21-a22-b22
INFO:root:Running with configuration: custom-atm-d-w-a21-a22-b22
INFO:root:Running with configuration: custom-atm-d-m-a21-a22-b22
INFO:root:Running with configuration: custom-craftdroid-a-w-a21-a22-b22
INFO:root:Running with configuration: custom-craftdroid-a-m-a21-a22-b22
INFO:root:Running with configuration: custom-craftdroid-n-w-a21-a22-b22
INFO:root:Running with configuration: custom-craftdroid-n-m-a21-a22-b22
INFO:root:Running with configuration: custom-craftdroid-d-w-a21-a22-b22
INFO:root:Running with configuration: custom-craftdroid-d-m-a21-a22-b22
INFO:root:Running with configuration: custom-craftdroid-r-w-a21-a22-b22
INFO:root:Running with configuration: custom-craftdroid-r-m-a21-a22-b22
INFO:root:Running with configuration: custom-craftdroid-o-w-a21-a22-b22
INFO:root:Running with configuration: custom-craftdroid-o-m-a21-a22-b22
INFO:root:Running with configuration: custom-craftdroid-i-w-a21-a22-b22
INFO:root:Running with configuration: custom-craftdroid-i-m-a21-a22-b22
INFO:root:Running with configuration: custom-craftdroid-d-w-a21-a22-b22
INFO:root:Running with configuration: custom-craftdroid-d-m-a21-a22-b22
INFO:root:Running with configuration: atm-union-a-w-a21-a22-b22
INFO:root:Running with configuration: atm-union-a-m-a21-a22-b22
INFO:root:Running with configuration: atm-union-n-w-a21-a22-b22
INFO:root:Running with configuration: atm-union-n-m-a21-a22-b22
INFO:root:Running with configuration: atm-union-d-w-a21-a22-b22
INFO:root:Running with configuration: atm-union-d-m-a21-a22-b22
INFO:root:Running with configuration: atm-union-r-w-a21-a22-b22
INFO:root:Running with configuration: atm-union-r-m-a21-a22-b22
INFO:root:Running with configuration: atm-union-o-w-a21-a22-b22
INFO:root:Running with configuration: atm-union-o-m-a21-a22-b22
INFO:root:Running with configuration: atm-union-i-w-a21-a22-b22
INFO:root:Running with configuration: atm-union-i-m-a21-a22-b22
INFO:root:Running with configuration: atm-union-d-w-a21-a22-b22
INFO:root:Running with configuration: atm-union-d-m-a21-a22-b22
INFO:root:Running with configuration: atm-atm-a-w-a21-a22-b22
INFO:root:Running with configuration: atm-atm-a-m-a21-a22-b22
INFO:root:Running with configuration: atm-atm-n-w-a21-a22-b22
INFO:root:Running with configuration: atm-atm-n-m-a21-a22-b22
INFO:root:Running with configuration: atm-atm-d-w-a21-a22-b22
INFO:root:Running with configuration: atm-atm-d-m-a21-a22-b22
INFO:root:Running with configuration: atm-atm-r-w-a21-a22-b22
INFO:root:Running with configuration: atm-atm-r-m-a21-a22-b22
INFO:root:Running with configuration: atm-atm-o-w-a21-a22-b22
INFO:root:Running with configuration: atm-atm-o-m-a21-a22-b22
INFO:root:Running with configuration: atm-atm-i-w-a21-a22-b22
INFO:root:Running with configuration: atm-atm-i-m-a21-a22-b22
INFO:root:Running with configuration: atm-atm-d-w-a21-a22-b22
INFO:root:Running with configuration: atm-atm-d-m-a21-a22-b22
INFO:root:Running with configuration: atm-craftdroid-a-w-a21-a22-b22
INFO:root:Running with configuration: atm-craftdroid-a-m-a21-a22-b22
INFO:root:Running with configuration: atm-craftdroid-n-w-a21-a22-b22
INFO:root:Running with configuration: atm-craftdroid-n-m-a21-a22-b22
INFO:root:Running with configuration: atm-craftdroid-d-w-a21-a22-b22
INFO:root:Running with configuration: atm-craftdroid-d-m-a21-a22-b22
INFO:root:Running with configuration: atm-craftdroid-r-w-a21-a22-b22
INFO:root:Running with configuration: atm-craftdroid-r-m-a21-a22-b22
INFO:root:Running with configuration: atm-craftdroid-o-w-a21-a22-b22
INFO:root:Running with configuration: atm-craftdroid-o-m-a21-a22-b22
INFO:root:Running with configuration: atm-craftdroid-i-w-a21-a22-b22
INFO:root:Running with configuration: atm-craftdroid-i-m-a21-a22-b22
INFO:root:Running with configuration: atm-craftdroid-d-w-a21-a22-b22
INFO:root:Running with configuration: atm-craftdroid-d-m-a21-a22-b22
INFO:root:Running with configuration: craftdroid-union-a-w-a21-a22-b22
INFO:root:Running with configuration: craftdroid-union-a-m-a21-a22-b22
INFO:root:Running with configuration: craftdroid-union-n-w-a21-a22-b22
INFO:root:Running with configuration: craftdroid-union-n-m-a21-a22-b22
INFO:root:Running with configuration: craftdroid-union-d-w-a21-a22-b22
INFO:root:Running with configuration: craftdroid-union-d-m-a21-a22-b22
INFO:root:Running with configuration: craftdroid-union-r-w-a21-a22-b22
INFO:root:Running with configuration: craftdroid-union-r-m-a21-a22-b22
INFO:root:Running with configuration: craftdroid-union-o-w-a21-a22-b22
INFO:root:Running with configuration: craftdroid-union-o-m-a21-a22-b22
INFO:root:Running with configuration: craftdroid-union-i-w-a21-a22-b22
INFO:root:Running with configuration: craftdroid-union-i-m-a21-a22-b22
INFO:root:Running with configuration: craftdroid-union-d-w-a21-a22-b22
INFO:root:Running with configuration: craftdroid-union-d-m-a21-a22-b22
INFO:root:Running with configuration: craftdroid-atm-a-w-a21-a22-b22
INFO:root:Running with configuration: craftdroid-atm-a-m-a21-a22-b22
INFO:root:Running with configuration: craftdroid-atm-n-w-a21-a22-b22
INFO:root:Running with configuration: craftdroid-atm-n-m-a21-a22-b22
INFO:root:Running with configuration: craftdroid-atm-d-w-a21-a22-b22
INFO:root:Running with configuration: craftdroid-atm-d-m-a21-a22-b22
INFO:root:Running with configuration: craftdroid-atm-r-w-a21-a22-b22
INFO:root:Running with configuration: craftdroid-atm-r-m-a21-a22-b22
INFO:root:Running with configuration: craftdroid-atm-o-w-a21-a22-b22
INFO:root:Running with configuration: craftdroid-atm-o-m-a21-a22-b22
INFO:root:Running with configuration: craftdroid-atm-i-w-a21-a22-b22
INFO:root:Running with configuration: craftdroid-atm-i-m-a21-a22-b22
INFO:root:Running with configuration: craftdroid-atm-d-w-a21-a22-b22
INFO:root:Running with configuration: craftdroid-atm-d-m-a21-a22-b22
INFO:root:Running with configuration: craftdroid-craftdroid-a-w-a21-a22-b22
INFO:root:Running with configuration: craftdroid-craftdroid-a-m-a21-a22-b22
INFO:root:Running with configuration: craftdroid-craftdroid-n-w-a21-a22-b22
INFO:root:Running with configuration: craftdroid-craftdroid-n-m-a21-a22-b22
INFO:root:Running with configuration: craftdroid-craftdroid-d-w-a21-a22-b22
INFO:root:Running with configuration: craftdroid-craftdroid-d-m-a21-a22-b22
INFO:root:Running with configuration: craftdroid-craftdroid-r-w-a21-a22-b22
INFO:root:Running with configuration: craftdroid-craftdroid-r-m-a21-a22-b22
INFO:root:Running with configuration: craftdroid-craftdroid-o-w-a21-a22-b22
INFO:root:Running with configuration: craftdroid-craftdroid-o-m-a21-a22-b22
INFO:root:Running with configuration: craftdroid-craftdroid-i-w-a21-a22-b22
INFO:root:Running with configuration: craftdroid-craftdroid-i-m-a21-a22-b22
INFO:root:Running with configuration: craftdroid-craftdroid-d-w-a21-a22-b22
INFO:root:Running with configuration: craftdroid-craftdroid-d-m-a21-a22-b22
INFO:root:Finished. Learned actions
INFO:root:Transfer time in sec: 0.035993099212646484
INFO:root:Start testing learned actions
INFO:root:Testing time in sec: 3.0274875164031982
INFO:root:Running with configuration: custom-union-a-w-a21-a22-b22
INFO:root:Running with configuration: custom-union-a-m-a21-a22-b22
INFO:root:Running with configuration: custom-union-n-w-a21-a22-b22
INFO:root:Running with configuration: custom-union-n-m-a21-a22-b22
INFO:root:Running with configuration: custom-union-d-w-a21-a22-b22
INFO:root:Running with configuration: custom-union-d-m-a21-a22-b22
INFO:root:Running with configuration: custom-union-r-w-a21-a22-b22
INFO:root:Running with configuration: custom-union-r-m-a21-a22-b22
INFO:root:Running with configuration: custom-union-o-w-a21-a22-b22
INFO:root:Running with configuration: custom-union-o-m-a21-a22-b22
INFO:root:Running with configuration: custom-union-i-w-a21-a22-b22
INFO:root:Running with configuration: custom-union-i-m-a21-a22-b22
INFO:root:Running with configuration: custom-union-d-w-a21-a22-b22
INFO:root:Running with configuration: custom-union-d-m-a21-a22-b22
INFO:root:Running with configuration: custom-atm-a-w-a21-a22-b22
INFO:root:Running with configuration: custom-atm-a-m-a21-a22-b22
INFO:root:Running with configuration: custom-atm-n-w-a21-a22-b22
INFO:root:Running with configuration: custom-atm-n-m-a21-a22-b22
INFO:root:Running with configuration: custom-atm-d-w-a21-a22-b22
INFO:root:Running with configuration: custom-atm-d-m-a21-a22-b22
INFO:root:Running with configuration: custom-atm-r-w-a21-a22-b22
INFO:root:Running with configuration: custom-atm-r-m-a21-a22-b22
INFO:root:Running with configuration: custom-atm-o-w-a21-a22-b22
INFO:root:Running with configuration: custom-atm-o-m-a21-a22-b22
INFO:root:Running with configuration: custom-atm-i-w-a21-a22-b22
INFO:root:Running with configuration: custom-atm-i-m-a21-a22-b22
INFO:root:Running with configuration: custom-atm-d-w-a21-a22-b22
INFO:root:Running with configuration: custom-atm-d-m-a21-a22-b22
INFO:root:Running with configuration: custom-craftdroid-a-w-a21-a22-b22
INFO:root:Running with configuration: custom-craftdroid-a-m-a21-a22-b22
INFO:root:Running with configuration: custom-craftdroid-n-w-a21-a22-b22
INFO:root:Running with configuration: custom-craftdroid-n-m-a21-a22-b22
INFO:root:Running with configuration: custom-craftdroid-d-w-a21-a22-b22
INFO:root:Running with configuration: custom-craftdroid-d-m-a21-a22-b22
INFO:root:Running with configuration: custom-craftdroid-r-w-a21-a22-b22
INFO:root:Running with configuration: custom-craftdroid-r-m-a21-a22-b22
INFO:root:Running with configuration: custom-craftdroid-o-w-a21-a22-b22
INFO:root:Running with configuration: custom-craftdroid-o-m-a21-a22-b22
INFO:root:Running with configuration: custom-craftdroid-i-w-a21-a22-b22
INFO:root:Running with configuration: custom-craftdroid-i-m-a21-a22-b22
INFO:root:Running with configuration: custom-craftdroid-d-w-a21-a22-b22
INFO:root:Running with configuration: custom-craftdroid-d-m-a21-a22-b22
INFO:root:Running with configuration: atm-union-a-w-a21-a22-b22
INFO:root:Running with configuration: atm-union-a-m-a21-a22-b22
INFO:root:Running with configuration: atm-union-n-w-a21-a22-b22
INFO:root:Running with configuration: atm-union-n-m-a21-a22-b22
INFO:root:Running with configuration: atm-union-d-w-a21-a22-b22
INFO:root:Running with configuration: atm-union-d-m-a21-a22-b22
INFO:root:Running with configuration: atm-union-r-w-a21-a22-b22
INFO:root:Running with configuration: atm-union-r-m-a21-a22-b22
INFO:root:Running with configuration: atm-union-o-w-a21-a22-b22
INFO:root:Running with configuration: atm-union-o-m-a21-a22-b22
INFO:root:Running with configuration: atm-union-i-w-a21-a22-b22
INFO:root:Running with configuration: atm-union-i-m-a21-a22-b22
INFO:root:Running with configuration: atm-union-d-w-a21-a22-b22
INFO:root:Running with configuration: atm-union-d-m-a21-a22-b22
INFO:root:Running with configuration: atm-atm-a-w-a21-a22-b22
INFO:root:Running with configuration: atm-atm-a-m-a21-a22-b22
INFO:root:Running with configuration: atm-atm-n-w-a21-a22-b22
INFO:root:Running with configuration: atm-atm-n-m-a21-a22-b22
INFO:root:Running with configuration: atm-atm-d-w-a21-a22-b22
INFO:root:Running with configuration: atm-atm-d-m-a21-a22-b22
INFO:root:Running with configuration: atm-atm-r-w-a21-a22-b22
INFO:root:Running with configuration: atm-atm-r-m-a21-a22-b22
INFO:root:Running with configuration: atm-atm-o-w-a21-a22-b22
INFO:root:Running with configuration: atm-atm-o-m-a21-a22-b22
INFO:root:Running with configuration: atm-atm-i-w-a21-a22-b22
INFO:root:Running with configuration: atm-atm-i-m-a21-a22-b22
INFO:root:Running with configuration: atm-atm-d-w-a21-a22-b22
INFO:root:Running with configuration: atm-atm-d-m-a21-a22-b22
INFO:root:Running with configuration: atm-craftdroid-a-w-a21-a22-b22
INFO:root:Running with configuration: atm-craftdroid-a-m-a21-a22-b22
INFO:root:Running with configuration: atm-craftdroid-n-w-a21-a22-b22
INFO:root:Running with configuration: atm-craftdroid-n-m-a21-a22-b22
INFO:root:Running with configuration: atm-craftdroid-d-w-a21-a22-b22
INFO:root:Running with configuration: atm-craftdroid-d-m-a21-a22-b22
INFO:root:Running with configuration: atm-craftdroid-r-w-a21-a22-b22
INFO:root:Running with configuration: atm-craftdroid-r-m-a21-a22-b22
INFO:root:Running with configuration: atm-craftdroid-o-w-a21-a22-b22
INFO:root:Running with configuration: atm-craftdroid-o-m-a21-a22-b22
INFO:root:Running with configuration: atm-craftdroid-i-w-a21-a22-b22
INFO:root:Running with configuration: atm-craftdroid-i-m-a21-a22-b22
INFO:root:Running with configuration: atm-craftdroid-d-w-a21-a22-b22
INFO:root:Running with configuration: atm-craftdroid-d-m-a21-a22-b22
INFO:root:Running with configuration: craftdroid-union-a-w-a21-a22-b22
INFO:root:Running with configuration: craftdroid-union-a-m-a21-a22-b22
INFO:root:Running with configuration: craftdroid-union-n-w-a21-a22-b22
INFO:root:Running with configuration: craftdroid-union-n-m-a21-a22-b22
INFO:root:Running with configuration: craftdroid-union-d-w-a21-a22-b22
INFO:root:Running with configuration: craftdroid-union-d-m-a21-a22-b22
INFO:root:Running with configuration: craftdroid-union-r-w-a21-a22-b22
INFO:root:Running with configuration: craftdroid-union-r-m-a21-a22-b22
INFO:root:Running with configuration: craftdroid-union-o-w-a21-a22-b22
INFO:root:Running with configuration: craftdroid-union-o-m-a21-a22-b22
INFO:root:Running with configuration: craftdroid-union-i-w-a21-a22-b22
INFO:root:Running with configuration: craftdroid-union-i-m-a21-a22-b22
INFO:root:Running with configuration: craftdroid-union-d-w-a21-a22-b22
INFO:root:Running with configuration: craftdroid-union-d-m-a21-a22-b22
INFO:root:Running with configuration: craftdroid-atm-a-w-a21-a22-b22
INFO:root:Running with configuration: craftdroid-atm-a-m-a21-a22-b22
INFO:root:Running with configuration: craftdroid-atm-n-w-a21-a22-b22
INFO:root:Running with configuration: craftdroid-atm-n-m-a21-a22-b22
INFO:root:Running with configuration: craftdroid-atm-d-w-a21-a22-b22
INFO:root:Running with configuration: craftdroid-atm-d-m-a21-a22-b22
INFO:root:Running with configuration: craftdroid-atm-r-w-a21-a22-b22
INFO:root:Running with configuration: craftdroid-atm-r-m-a21-a22-b22
INFO:root:Running with configuration: craftdroid-atm-o-w-a21-a22-b22
INFO:root:Running with configuration: craftdroid-atm-o-m-a21-a22-b22
INFO:root:Running with configuration: craftdroid-atm-i-w-a21-a22-b22
INFO:root:Running with configuration: craftdroid-atm-i-m-a21-a22-b22
INFO:root:Running with configuration: craftdroid-atm-d-w-a21-a22-b22
INFO:root:Running with configuration: craftdroid-atm-d-m-a21-a22-b22
INFO:root:Running with configuration: craftdroid-craftdroid-a-w-a21-a22-b22
INFO:root:Running with configuration: craftdroid-craftdroid-a-m-a21-a22-b22
INFO:root:Running with configuration: craftdroid-craftdroid-n-w-a21-a22-b22
INFO:root:Running with configuration: craftdroid-craftdroid-n-m-a21-a22-b22
INFO:root:Running with configuration: craftdroid-craftdroid-d-w-a21-a22-b22
INFO:root:Running with configuration: craftdroid-craftdroid-d-m-a21-a22-b22
INFO:root:Running with configuration: craftdroid-craftdroid-r-w-a21-a22-b22
INFO:root:Running with configuration: craftdroid-craftdroid-r-m-a21-a22-b22
INFO:root:Running with configuration: craftdroid-craftdroid-o-w-a21-a22-b22
INFO:root:Running with configuration: craftdroid-craftdroid-o-m-a21-a22-b22
INFO:root:Running with configuration: craftdroid-craftdroid-i-w-a21-a22-b22
INFO:root:Running with configuration: craftdroid-craftdroid-i-m-a21-a22-b22
INFO:root:Running with configuration: craftdroid-craftdroid-d-w-a21-a22-b22
INFO:root:Running with configuration: craftdroid-craftdroid-d-m-a21-a22-b22
INFO:root:Finished. Learned actions
INFO:root:Transfer time in sec: 0.035863399505615234
INFO:root:Start testing learned actions
INFO:root:Testing time in sec: 2.912935256958008
INFO:root:Running with configuration: custom-union-a-w-a21-a22-b22
INFO:root:Running with configuration: custom-union-a-m-a21-a22-b22
INFO:root:Running with configuration: custom-union-n-w-a21-a22-b22
INFO:root:Running with configuration: custom-union-n-m-a21-a22-b22
INFO:root:Running with configuration: custom-union-d-w-a21-a22-b22
INFO:root:Running with configuration: custom-union-d-m-a21-a22-b22
INFO:root:Running with configuration: custom-union-r-w-a21-a22-b22
INFO:root:Running with configuration: custom-union-r-m-a21-a22-b22
INFO:root:Running with configuration: custom-union-o-w-a21-a22-b22
INFO:root:Running with configuration: custom-union-o-m-a21-a22-b22
INFO:root:Running with configuration: custom-union-i-w-a21-a22-b22
INFO:root:Running with configuration: custom-union-i-m-a21-a22-b22
INFO:root:Running with configuration: custom-union-d-w-a21-a22-b22
INFO:root:Running with configuration: custom-union-d-m-a21-a22-b22
INFO:root:Running with configuration: custom-atm-a-w-a21-a22-b22
INFO:root:Running with configuration: custom-atm-a-m-a21-a22-b22
INFO:root:Running with configuration: custom-atm-n-w-a21-a22-b22
INFO:root:Running with configuration: custom-atm-n-m-a21-a22-b22
INFO:root:Running with configuration: custom-atm-d-w-a21-a22-b22
INFO:root:Running with configuration: custom-atm-d-m-a21-a22-b22
INFO:root:Running with configuration: custom-atm-r-w-a21-a22-b22
INFO:root:Running with configuration: custom-atm-r-m-a21-a22-b22
INFO:root:Running with configuration: custom-atm-o-w-a21-a22-b22
INFO:root:Running with configuration: custom-atm-o-m-a21-a22-b22
INFO:root:Running with configuration: custom-atm-i-w-a21-a22-b22
INFO:root:Running with configuration: custom-atm-i-m-a21-a22-b22
INFO:root:Running with configuration: custom-atm-d-w-a21-a22-b22
INFO:root:Running with configuration: custom-atm-d-m-a21-a22-b22
INFO:root:Running with configuration: custom-craftdroid-a-w-a21-a22-b22
INFO:root:Running with configuration: custom-craftdroid-a-m-a21-a22-b22
INFO:root:Running with configuration: custom-craftdroid-n-w-a21-a22-b22
INFO:root:Running with configuration: custom-craftdroid-n-m-a21-a22-b22
INFO:root:Running with configuration: custom-craftdroid-d-w-a21-a22-b22
INFO:root:Running with configuration: custom-craftdroid-d-m-a21-a22-b22
INFO:root:Running with configuration: custom-craftdroid-r-w-a21-a22-b22
INFO:root:Running with configuration: custom-craftdroid-r-m-a21-a22-b22
INFO:root:Running with configuration: custom-craftdroid-o-w-a21-a22-b22
INFO:root:Running with configuration: custom-craftdroid-o-m-a21-a22-b22
INFO:root:Running with configuration: custom-craftdroid-i-w-a21-a22-b22
INFO:root:Running with configuration: custom-craftdroid-i-m-a21-a22-b22
INFO:root:Running with configuration: custom-craftdroid-d-w-a21-a22-b22
INFO:root:Running with configuration: custom-craftdroid-d-m-a21-a22-b22
INFO:root:Running with configuration: atm-union-a-w-a21-a22-b22
INFO:root:Running with configuration: atm-union-a-m-a21-a22-b22
INFO:root:Running with configuration: atm-union-n-w-a21-a22-b22
INFO:root:Running with configuration: atm-union-n-m-a21-a22-b22
INFO:root:Running with configuration: atm-union-d-w-a21-a22-b22
INFO:root:Running with configuration: atm-union-d-m-a21-a22-b22
INFO:root:Running with configuration: atm-union-r-w-a21-a22-b22
INFO:root:Running with configuration: atm-union-r-m-a21-a22-b22
INFO:root:Running with configuration: atm-union-o-w-a21-a22-b22
INFO:root:Running with configuration: atm-union-o-m-a21-a22-b22
INFO:root:Running with configuration: atm-union-i-w-a21-a22-b22
INFO:root:Running with configuration: atm-union-i-m-a21-a22-b22
INFO:root:Running with configuration: atm-union-d-w-a21-a22-b22
INFO:root:Running with configuration: atm-union-d-m-a21-a22-b22
INFO:root:Running with configuration: atm-atm-a-w-a21-a22-b22
INFO:root:Running with configuration: atm-atm-a-m-a21-a22-b22
INFO:root:Running with configuration: atm-atm-n-w-a21-a22-b22
INFO:root:Running with configuration: atm-atm-n-m-a21-a22-b22
INFO:root:Running with configuration: atm-atm-d-w-a21-a22-b22
INFO:root:Running with configuration: atm-atm-d-m-a21-a22-b22
INFO:root:Running with configuration: atm-atm-r-w-a21-a22-b22
INFO:root:Running with configuration: atm-atm-r-m-a21-a22-b22
INFO:root:Running with configuration: atm-atm-o-w-a21-a22-b22
INFO:root:Running with configuration: atm-atm-o-m-a21-a22-b22
INFO:root:Running with configuration: atm-atm-i-w-a21-a22-b22
INFO:root:Running with configuration: atm-atm-i-m-a21-a22-b22
INFO:root:Running with configuration: atm-atm-d-w-a21-a22-b22
INFO:root:Running with configuration: atm-atm-d-m-a21-a22-b22
INFO:root:Running with configuration: atm-craftdroid-a-w-a21-a22-b22
INFO:root:Running with configuration: atm-craftdroid-a-m-a21-a22-b22
INFO:root:Running with configuration: atm-craftdroid-n-w-a21-a22-b22
INFO:root:Running with configuration: atm-craftdroid-n-m-a21-a22-b22
INFO:root:Running with configuration: atm-craftdroid-d-w-a21-a22-b22
INFO:root:Running with configuration: atm-craftdroid-d-m-a21-a22-b22
INFO:root:Running with configuration: atm-craftdroid-r-w-a21-a22-b22
INFO:root:Running with configuration: atm-craftdroid-r-m-a21-a22-b22
INFO:root:Running with configuration: atm-craftdroid-o-w-a21-a22-b22
INFO:root:Running with configuration: atm-craftdroid-o-m-a21-a22-b22
INFO:root:Running with configuration: atm-craftdroid-i-w-a21-a22-b22
INFO:root:Running with configuration: atm-craftdroid-i-m-a21-a22-b22
INFO:root:Running with configuration: atm-craftdroid-d-w-a21-a22-b22
INFO:root:Running with configuration: atm-craftdroid-d-m-a21-a22-b22
INFO:root:Running with configuration: craftdroid-union-a-w-a21-a22-b22
INFO:root:Running with configuration: craftdroid-union-a-m-a21-a22-b22
INFO:root:Running with configuration: craftdroid-union-n-w-a21-a22-b22
INFO:root:Running with configuration: craftdroid-union-n-m-a21-a22-b22
INFO:root:Running with configuration: craftdroid-union-d-w-a21-a22-b22
INFO:root:Running with configuration: craftdroid-union-d-m-a21-a22-b22
INFO:root:Running with configuration: craftdroid-union-r-w-a21-a22-b22
INFO:root:Running with configuration: craftdroid-union-r-m-a21-a22-b22
INFO:root:Running with configuration: craftdroid-union-o-w-a21-a22-b22
INFO:root:Running with configuration: craftdroid-union-o-m-a21-a22-b22
INFO:root:Running with configuration: craftdroid-union-i-w-a21-a22-b22
INFO:root:Running with configuration: craftdroid-union-i-m-a21-a22-b22
INFO:root:Running with configuration: craftdroid-union-d-w-a21-a22-b22
INFO:root:Running with configuration: craftdroid-union-d-m-a21-a22-b22
INFO:root:Running with configuration: craftdroid-atm-a-w-a21-a22-b22
INFO:root:Running with configuration: craftdroid-atm-a-m-a21-a22-b22
INFO:root:Running with configuration: craftdroid-atm-n-w-a21-a22-b22
INFO:root:Running with configuration: craftdroid-atm-n-m-a21-a22-b22
INFO:root:Running with configuration: craftdroid-atm-d-w-a21-a22-b22
INFO:root:Running with configuration: craftdroid-atm-d-m-a21-a22-b22
INFO:root:Running with configuration: craftdroid-atm-r-w-a21-a22-b22
INFO:root:Running with configuration: craftdroid-atm-r-m-a21-a22-b22
INFO:root:Running with configuration: craftdroid-atm-o-w-a21-a22-b22
INFO:root:Running with configuration: craftdroid-atm-o-m-a21-a22-b22
INFO:root:Running with configuration: craftdroid-atm-i-w-a21-a22-b22
INFO:root:Running with configuration: craftdroid-atm-i-m-a21-a22-b22
INFO:root:Running with configuration: craftdroid-atm-d-w-a21-a22-b22
INFO:root:Running with configuration: craftdroid-atm-d-m-a21-a22-b22
INFO:root:Running with configuration: craftdroid-craftdroid-a-w-a21-a22-b22
INFO:root:Running with configuration: craftdroid-craftdroid-a-m-a21-a22-b22
INFO:root:Running with configuration: craftdroid-craftdroid-n-w-a21-a22-b22
INFO:root:Running with configuration: craftdroid-craftdroid-n-m-a21-a22-b22
INFO:root:Running with configuration: craftdroid-craftdroid-d-w-a21-a22-b22
INFO:root:Running with configuration: craftdroid-craftdroid-d-m-a21-a22-b22
INFO:root:Running with configuration: craftdroid-craftdroid-r-w-a21-a22-b22
INFO:root:Running with configuration: craftdroid-craftdroid-r-m-a21-a22-b22
INFO:root:Running with configuration: craftdroid-craftdroid-o-w-a21-a22-b22
INFO:root:Running with configuration: craftdroid-craftdroid-o-m-a21-a22-b22
INFO:root:Running with configuration: craftdroid-craftdroid-i-w-a21-a22-b22
INFO:root:Running with configuration: craftdroid-craftdroid-i-m-a21-a22-b22
INFO:root:Running with configuration: craftdroid-craftdroid-d-w-a21-a22-b22
INFO:root:Running with configuration: craftdroid-craftdroid-d-m-a21-a22-b22
INFO:root:Finished. Learned actions
INFO:root:Transfer time in sec: 0.0371546745300293
INFO:root:Start testing learned actions
INFO:root:Testing time in sec: 2.9689700603485107
INFO:root:Running with configuration: custom-union-a-w-a21-a22-b22
INFO:root:Running with configuration: custom-union-a-m-a21-a22-b22
INFO:root:Running with configuration: custom-union-n-w-a21-a22-b22
INFO:root:Running with configuration: custom-union-n-m-a21-a22-b22
INFO:root:Running with configuration: custom-union-d-w-a21-a22-b22
INFO:root:Running with configuration: custom-union-d-m-a21-a22-b22
INFO:root:Running with configuration: custom-union-r-w-a21-a22-b22
INFO:root:Running with configuration: custom-union-r-m-a21-a22-b22
INFO:root:Running with configuration: custom-union-o-w-a21-a22-b22
INFO:root:Running with configuration: custom-union-o-m-a21-a22-b22
INFO:root:Running with configuration: custom-union-i-w-a21-a22-b22
INFO:root:Running with configuration: custom-union-i-m-a21-a22-b22
INFO:root:Running with configuration: custom-union-d-w-a21-a22-b22
INFO:root:Running with configuration: custom-union-d-m-a21-a22-b22
INFO:root:Running with configuration: custom-atm-a-w-a21-a22-b22
INFO:root:Running with configuration: custom-atm-a-m-a21-a22-b22
INFO:root:Running with configuration: custom-atm-n-w-a21-a22-b22
INFO:root:Running with configuration: custom-atm-n-m-a21-a22-b22
INFO:root:Running with configuration: custom-atm-d-w-a21-a22-b22
INFO:root:Running with configuration: custom-atm-d-m-a21-a22-b22
INFO:root:Running with configuration: custom-atm-r-w-a21-a22-b22
INFO:root:Running with configuration: custom-atm-r-m-a21-a22-b22
INFO:root:Running with configuration: custom-atm-o-w-a21-a22-b22
INFO:root:Running with configuration: custom-atm-o-m-a21-a22-b22
INFO:root:Running with configuration: custom-atm-i-w-a21-a22-b22
INFO:root:Running with configuration: custom-atm-i-m-a21-a22-b22
INFO:root:Running with configuration: custom-atm-d-w-a21-a22-b22
INFO:root:Running with configuration: custom-atm-d-m-a21-a22-b22
INFO:root:Running with configuration: custom-craftdroid-a-w-a21-a22-b22
INFO:root:Running with configuration: custom-craftdroid-a-m-a21-a22-b22
INFO:root:Running with configuration: custom-craftdroid-n-w-a21-a22-b22
INFO:root:Running with configuration: custom-craftdroid-n-m-a21-a22-b22
INFO:root:Running with configuration: custom-craftdroid-d-w-a21-a22-b22
INFO:root:Running with configuration: custom-craftdroid-d-m-a21-a22-b22
INFO:root:Running with configuration: custom-craftdroid-r-w-a21-a22-b22
INFO:root:Running with configuration: custom-craftdroid-r-m-a21-a22-b22
INFO:root:Running with configuration: custom-craftdroid-o-w-a21-a22-b22
INFO:root:Running with configuration: custom-craftdroid-o-m-a21-a22-b22
INFO:root:Running with configuration: custom-craftdroid-i-w-a21-a22-b22
INFO:root:Running with configuration: custom-craftdroid-i-m-a21-a22-b22
INFO:root:Running with configuration: custom-craftdroid-d-w-a21-a22-b22
INFO:root:Running with configuration: custom-craftdroid-d-m-a21-a22-b22
INFO:root:Running with configuration: atm-union-a-w-a21-a22-b22
INFO:root:Running with configuration: atm-union-a-m-a21-a22-b22
INFO:root:Running with configuration: atm-union-n-w-a21-a22-b22
INFO:root:Running with configuration: atm-union-n-m-a21-a22-b22
INFO:root:Running with configuration: atm-union-d-w-a21-a22-b22
INFO:root:Running with configuration: atm-union-d-m-a21-a22-b22
INFO:root:Running with configuration: atm-union-r-w-a21-a22-b22
INFO:root:Running with configuration: atm-union-r-m-a21-a22-b22
INFO:root:Running with configuration: atm-union-o-w-a21-a22-b22
INFO:root:Running with configuration: atm-union-o-m-a21-a22-b22
INFO:root:Running with configuration: atm-union-i-w-a21-a22-b22
INFO:root:Running with configuration: atm-union-i-m-a21-a22-b22
INFO:root:Running with configuration: atm-union-d-w-a21-a22-b22
INFO:root:Running with configuration: atm-union-d-m-a21-a22-b22
INFO:root:Running with configuration: atm-atm-a-w-a21-a22-b22
INFO:root:Running with configuration: atm-atm-a-m-a21-a22-b22
INFO:root:Running with configuration: atm-atm-n-w-a21-a22-b22
INFO:root:Running with configuration: atm-atm-n-m-a21-a22-b22
INFO:root:Running with configuration: atm-atm-d-w-a21-a22-b22
INFO:root:Running with configuration: atm-atm-d-m-a21-a22-b22
INFO:root:Running with configuration: atm-atm-r-w-a21-a22-b22
INFO:root:Running with configuration: atm-atm-r-m-a21-a22-b22
INFO:root:Running with configuration: atm-atm-o-w-a21-a22-b22
INFO:root:Running with configuration: atm-atm-o-m-a21-a22-b22
INFO:root:Running with configuration: atm-atm-i-w-a21-a22-b22
INFO:root:Running with configuration: atm-atm-i-m-a21-a22-b22
INFO:root:Running with configuration: atm-atm-d-w-a21-a22-b22
INFO:root:Running with configuration: atm-atm-d-m-a21-a22-b22
INFO:root:Running with configuration: atm-craftdroid-a-w-a21-a22-b22
INFO:root:Running with configuration: atm-craftdroid-a-m-a21-a22-b22
INFO:root:Running with configuration: atm-craftdroid-n-w-a21-a22-b22
INFO:root:Running with configuration: atm-craftdroid-n-m-a21-a22-b22
INFO:root:Running with configuration: atm-craftdroid-d-w-a21-a22-b22
INFO:root:Running with configuration: atm-craftdroid-d-m-a21-a22-b22
INFO:root:Running with configuration: atm-craftdroid-r-w-a21-a22-b22
INFO:root:Running with configuration: atm-craftdroid-r-m-a21-a22-b22
INFO:root:Running with configuration: atm-craftdroid-o-w-a21-a22-b22
INFO:root:Running with configuration: atm-craftdroid-o-m-a21-a22-b22
INFO:root:Running with configuration: atm-craftdroid-i-w-a21-a22-b22
INFO:root:Running with configuration: atm-craftdroid-i-m-a21-a22-b22
INFO:root:Running with configuration: atm-craftdroid-d-w-a21-a22-b22
INFO:root:Running with configuration: atm-craftdroid-d-m-a21-a22-b22
INFO:root:Running with configuration: craftdroid-union-a-w-a21-a22-b22
INFO:root:Running with configuration: craftdroid-union-a-m-a21-a22-b22
INFO:root:Running with configuration: craftdroid-union-n-w-a21-a22-b22
INFO:root:Running with configuration: craftdroid-union-n-m-a21-a22-b22
INFO:root:Running with configuration: craftdroid-union-d-w-a21-a22-b22
INFO:root:Running with configuration: craftdroid-union-d-m-a21-a22-b22
INFO:root:Running with configuration: craftdroid-union-r-w-a21-a22-b22
INFO:root:Running with configuration: craftdroid-union-r-m-a21-a22-b22
INFO:root:Running with configuration: craftdroid-union-o-w-a21-a22-b22
INFO:root:Running with configuration: craftdroid-union-o-m-a21-a22-b22
INFO:root:Running with configuration: craftdroid-union-i-w-a21-a22-b22
INFO:root:Running with configuration: craftdroid-union-i-m-a21-a22-b22
INFO:root:Running with configuration: craftdroid-union-d-w-a21-a22-b22
INFO:root:Running with configuration: craftdroid-union-d-m-a21-a22-b22
INFO:root:Running with configuration: craftdroid-atm-a-w-a21-a22-b22
INFO:root:Running with configuration: craftdroid-atm-a-m-a21-a22-b22
INFO:root:Running with configuration: craftdroid-atm-n-w-a21-a22-b22
INFO:root:Running with configuration: craftdroid-atm-n-m-a21-a22-b22
INFO:root:Running with configuration: craftdroid-atm-d-w-a21-a22-b22
INFO:root:Running with configuration: craftdroid-atm-d-m-a21-a22-b22
INFO:root:Running with configuration: craftdroid-atm-r-w-a21-a22-b22
INFO:root:Running with configuration: craftdroid-atm-r-m-a21-a22-b22
INFO:root:Running with configuration: craftdroid-atm-o-w-a21-a22-b22
INFO:root:Running with configuration: craftdroid-atm-o-m-a21-a22-b22
INFO:root:Running with configuration: craftdroid-atm-i-w-a21-a22-b22
INFO:root:Running with configuration: craftdroid-atm-i-m-a21-a22-b22
INFO:root:Running with configuration: craftdroid-atm-d-w-a21-a22-b22
INFO:root:Running with configuration: craftdroid-atm-d-m-a21-a22-b22
INFO:root:Running with configuration: craftdroid-craftdroid-a-w-a21-a22-b22
INFO:root:Running with configuration: craftdroid-craftdroid-a-m-a21-a22-b22
INFO:root:Running with configuration: craftdroid-craftdroid-n-w-a21-a22-b22
INFO:root:Running with configuration: craftdroid-craftdroid-n-m-a21-a22-b22
INFO:root:Running with configuration: craftdroid-craftdroid-d-w-a21-a22-b22
INFO:root:Running with configuration: craftdroid-craftdroid-d-m-a21-a22-b22
INFO:root:Running with configuration: craftdroid-craftdroid-r-w-a21-a22-b22
INFO:root:Running with configuration: craftdroid-craftdroid-r-m-a21-a22-b22
INFO:root:Running with configuration: craftdroid-craftdroid-o-w-a21-a22-b22
INFO:root:Running with configuration: craftdroid-craftdroid-o-m-a21-a22-b22
INFO:root:Running with configuration: craftdroid-craftdroid-i-w-a21-a22-b22
INFO:root:Running with configuration: craftdroid-craftdroid-i-m-a21-a22-b22
INFO:root:Running with configuration: craftdroid-craftdroid-d-w-a21-a22-b22
INFO:root:Running with configuration: craftdroid-craftdroid-d-m-a21-a22-b22
INFO:root:Finished. Learned actions
INFO:root:Transfer time in sec: 0.037880659103393555
INFO:root:Start testing learned actions
INFO:root:Testing time in sec: 2.9950995445251465
INFO:root:Running with configuration: custom-union-a-w-a21-a22-b22
INFO:root:Running with configuration: custom-union-a-m-a21-a22-b22
INFO:root:Running with configuration: custom-union-n-w-a21-a22-b22
INFO:root:Running with configuration: custom-union-n-m-a21-a22-b22
INFO:root:Running with configuration: custom-union-d-w-a21-a22-b22
INFO:root:Running with configuration: custom-union-d-m-a21-a22-b22
INFO:root:Running with configuration: custom-union-r-w-a21-a22-b22
INFO:root:Running with configuration: custom-union-r-m-a21-a22-b22
INFO:root:Running with configuration: custom-union-o-w-a21-a22-b22
INFO:root:Running with configuration: custom-union-o-m-a21-a22-b22
INFO:root:Running with configuration: custom-union-i-w-a21-a22-b22
INFO:root:Running with configuration: custom-union-i-m-a21-a22-b22
INFO:root:Running with configuration: custom-union-d-w-a21-a22-b22
INFO:root:Running with configuration: custom-union-d-m-a21-a22-b22
INFO:root:Running with configuration: custom-atm-a-w-a21-a22-b22
INFO:root:Running with configuration: custom-atm-a-m-a21-a22-b22
INFO:root:Running with configuration: custom-atm-n-w-a21-a22-b22
INFO:root:Running with configuration: custom-atm-n-m-a21-a22-b22
INFO:root:Running with configuration: custom-atm-d-w-a21-a22-b22
INFO:root:Running with configuration: custom-atm-d-m-a21-a22-b22
INFO:root:Running with configuration: custom-atm-r-w-a21-a22-b22
INFO:root:Running with configuration: custom-atm-r-m-a21-a22-b22
INFO:root:Running with configuration: custom-atm-o-w-a21-a22-b22
INFO:root:Running with configuration: custom-atm-o-m-a21-a22-b22
INFO:root:Running with configuration: custom-atm-i-w-a21-a22-b22
INFO:root:Running with configuration: custom-atm-i-m-a21-a22-b22
INFO:root:Running with configuration: custom-atm-d-w-a21-a22-b22
INFO:root:Running with configuration: custom-atm-d-m-a21-a22-b22
INFO:root:Running with configuration: custom-craftdroid-a-w-a21-a22-b22
INFO:root:Running with configuration: custom-craftdroid-a-m-a21-a22-b22
INFO:root:Running with configuration: custom-craftdroid-n-w-a21-a22-b22
INFO:root:Running with configuration: custom-craftdroid-n-m-a21-a22-b22
INFO:root:Running with configuration: custom-craftdroid-d-w-a21-a22-b22
INFO:root:Running with configuration: custom-craftdroid-d-m-a21-a22-b22
INFO:root:Running with configuration: custom-craftdroid-r-w-a21-a22-b22
INFO:root:Running with configuration: custom-craftdroid-r-m-a21-a22-b22
INFO:root:Running with configuration: custom-craftdroid-o-w-a21-a22-b22
INFO:root:Running with configuration: custom-craftdroid-o-m-a21-a22-b22
INFO:root:Running with configuration: custom-craftdroid-i-w-a21-a22-b22
INFO:root:Running with configuration: custom-craftdroid-i-m-a21-a22-b22
INFO:root:Running with configuration: custom-craftdroid-d-w-a21-a22-b22
INFO:root:Running with configuration: custom-craftdroid-d-m-a21-a22-b22
INFO:root:Running with configuration: atm-union-a-w-a21-a22-b22
INFO:root:Running with configuration: atm-union-a-m-a21-a22-b22
INFO:root:Running with configuration: atm-union-n-w-a21-a22-b22
INFO:root:Running with configuration: atm-union-n-m-a21-a22-b22
INFO:root:Running with configuration: atm-union-d-w-a21-a22-b22
INFO:root:Running with configuration: atm-union-d-m-a21-a22-b22
INFO:root:Running with configuration: atm-union-r-w-a21-a22-b22
INFO:root:Running with configuration: atm-union-r-m-a21-a22-b22
INFO:root:Running with configuration: atm-union-o-w-a21-a22-b22
INFO:root:Running with configuration: atm-union-o-m-a21-a22-b22
INFO:root:Running with configuration: atm-union-i-w-a21-a22-b22
INFO:root:Running with configuration: atm-union-i-m-a21-a22-b22
INFO:root:Running with configuration: atm-union-d-w-a21-a22-b22
INFO:root:Running with configuration: atm-union-d-m-a21-a22-b22
INFO:root:Running with configuration: atm-atm-a-w-a21-a22-b22
INFO:root:Running with configuration: atm-atm-a-m-a21-a22-b22
INFO:root:Running with configuration: atm-atm-n-w-a21-a22-b22
INFO:root:Running with configuration: atm-atm-n-m-a21-a22-b22
INFO:root:Running with configuration: atm-atm-d-w-a21-a22-b22
INFO:root:Running with configuration: atm-atm-d-m-a21-a22-b22
INFO:root:Running with configuration: atm-atm-r-w-a21-a22-b22
INFO:root:Running with configuration: atm-atm-r-m-a21-a22-b22
INFO:root:Running with configuration: atm-atm-o-w-a21-a22-b22
INFO:root:Running with configuration: atm-atm-o-m-a21-a22-b22
INFO:root:Running with configuration: atm-atm-i-w-a21-a22-b22
INFO:root:Running with configuration: atm-atm-i-m-a21-a22-b22
INFO:root:Running with configuration: atm-atm-d-w-a21-a22-b22
INFO:root:Running with configuration: atm-atm-d-m-a21-a22-b22
INFO:root:Running with configuration: atm-craftdroid-a-w-a21-a22-b22
INFO:root:Running with configuration: atm-craftdroid-a-m-a21-a22-b22
INFO:root:Running with configuration: atm-craftdroid-n-w-a21-a22-b22
INFO:root:Running with configuration: atm-craftdroid-n-m-a21-a22-b22
INFO:root:Running with configuration: atm-craftdroid-d-w-a21-a22-b22
INFO:root:Running with configuration: atm-craftdroid-d-m-a21-a22-b22
INFO:root:Running with configuration: atm-craftdroid-r-w-a21-a22-b22
INFO:root:Running with configuration: atm-craftdroid-r-m-a21-a22-b22
INFO:root:Running with configuration: atm-craftdroid-o-w-a21-a22-b22
INFO:root:Running with configuration: atm-craftdroid-o-m-a21-a22-b22
INFO:root:Running with configuration: atm-craftdroid-i-w-a21-a22-b22
INFO:root:Running with configuration: atm-craftdroid-i-m-a21-a22-b22
INFO:root:Running with configuration: atm-craftdroid-d-w-a21-a22-b22
INFO:root:Running with configuration: atm-craftdroid-d-m-a21-a22-b22
INFO:root:Running with configuration: craftdroid-union-a-w-a21-a22-b22
INFO:root:Running with configuration: craftdroid-union-a-m-a21-a22-b22
INFO:root:Running with configuration: craftdroid-union-n-w-a21-a22-b22
INFO:root:Running with configuration: craftdroid-union-n-m-a21-a22-b22
INFO:root:Running with configuration: craftdroid-union-d-w-a21-a22-b22
INFO:root:Running with configuration: craftdroid-union-d-m-a21-a22-b22
INFO:root:Running with configuration: craftdroid-union-r-w-a21-a22-b22
INFO:root:Running with configuration: craftdroid-union-r-m-a21-a22-b22
INFO:root:Running with configuration: craftdroid-union-o-w-a21-a22-b22
INFO:root:Running with configuration: craftdroid-union-o-m-a21-a22-b22
INFO:root:Running with configuration: craftdroid-union-i-w-a21-a22-b22
INFO:root:Running with configuration: craftdroid-union-i-m-a21-a22-b22
INFO:root:Running with configuration: craftdroid-union-d-w-a21-a22-b22
INFO:root:Running with configuration: craftdroid-union-d-m-a21-a22-b22
INFO:root:Running with configuration: craftdroid-atm-a-w-a21-a22-b22
INFO:root:Running with configuration: craftdroid-atm-a-m-a21-a22-b22
INFO:root:Running with configuration: craftdroid-atm-n-w-a21-a22-b22
INFO:root:Running with configuration: craftdroid-atm-n-m-a21-a22-b22
INFO:root:Running with configuration: craftdroid-atm-d-w-a21-a22-b22
INFO:root:Running with configuration: craftdroid-atm-d-m-a21-a22-b22
INFO:root:Running with configuration: craftdroid-atm-r-w-a21-a22-b22
INFO:root:Running with configuration: craftdroid-atm-r-m-a21-a22-b22
INFO:root:Running with configuration: craftdroid-atm-o-w-a21-a22-b22
INFO:root:Running with configuration: craftdroid-atm-o-m-a21-a22-b22
INFO:root:Running with configuration: craftdroid-atm-i-w-a21-a22-b22
INFO:root:Running with configuration: craftdroid-atm-i-m-a21-a22-b22
INFO:root:Running with configuration: craftdroid-atm-d-w-a21-a22-b22
INFO:root:Running with configuration: craftdroid-atm-d-m-a21-a22-b22
INFO:root:Running with configuration: craftdroid-craftdroid-a-w-a21-a22-b22
INFO:root:Running with configuration: craftdroid-craftdroid-a-m-a21-a22-b22
INFO:root:Running with configuration: craftdroid-craftdroid-n-w-a21-a22-b22
INFO:root:Running with configuration: craftdroid-craftdroid-n-m-a21-a22-b22
INFO:root:Running with configuration: craftdroid-craftdroid-d-w-a21-a22-b22
INFO:root:Running with configuration: craftdroid-craftdroid-d-m-a21-a22-b22
INFO:root:Running with configuration: craftdroid-craftdroid-r-w-a21-a22-b22
INFO:root:Running with configuration: craftdroid-craftdroid-r-m-a21-a22-b22
INFO:root:Running with configuration: craftdroid-craftdroid-o-w-a21-a22-b22
INFO:root:Running with configuration: craftdroid-craftdroid-o-m-a21-a22-b22
INFO:root:Running with configuration: craftdroid-craftdroid-i-w-a21-a22-b22
INFO:root:Running with configuration: craftdroid-craftdroid-i-m-a21-a22-b22
INFO:root:Running with configuration: craftdroid-craftdroid-d-w-a21-a22-b22
INFO:root:Running with configuration: craftdroid-craftdroid-d-m-a21-a22-b22
INFO:root:Finished. Learned actions
INFO:root:Transfer time in sec: 0.03541207313537598
INFO:root:Start testing learned actions
INFO:root:Testing time in sec: 2.956277847290039
INFO:root:Running with configuration: custom-union-a-w-a21-a22-b21
INFO:root:Running with configuration: custom-union-a-m-a21-a22-b21
INFO:root:Running with configuration: custom-union-n-w-a21-a22-b21
INFO:root:Running with configuration: custom-union-n-m-a21-a22-b21
INFO:root:Running with configuration: custom-union-d-w-a21-a22-b21
INFO:root:Running with configuration: custom-union-d-m-a21-a22-b21
INFO:root:Running with configuration: custom-union-r-w-a21-a22-b21
INFO:root:Running with configuration: custom-union-r-m-a21-a22-b21
INFO:root:Running with configuration: custom-union-o-w-a21-a22-b21
INFO:root:Running with configuration: custom-union-o-m-a21-a22-b21
INFO:root:Running with configuration: custom-union-i-w-a21-a22-b21
INFO:root:Running with configuration: custom-union-i-m-a21-a22-b21
INFO:root:Running with configuration: custom-union-d-w-a21-a22-b21
INFO:root:Running with configuration: custom-union-d-m-a21-a22-b21
INFO:root:Running with configuration: custom-atm-a-w-a21-a22-b21
INFO:root:Running with configuration: custom-atm-a-m-a21-a22-b21
INFO:root:Running with configuration: custom-atm-n-w-a21-a22-b21
INFO:root:Running with configuration: custom-atm-n-m-a21-a22-b21
INFO:root:Running with configuration: custom-atm-d-w-a21-a22-b21
INFO:root:Running with configuration: custom-atm-d-m-a21-a22-b21
INFO:root:Running with configuration: custom-atm-r-w-a21-a22-b21
INFO:root:Running with configuration: custom-atm-r-m-a21-a22-b21
INFO:root:Running with configuration: custom-atm-o-w-a21-a22-b21
INFO:root:Running with configuration: custom-atm-o-m-a21-a22-b21
INFO:root:Running with configuration: custom-atm-i-w-a21-a22-b21
INFO:root:Running with configuration: custom-atm-i-m-a21-a22-b21
INFO:root:Running with configuration: custom-atm-d-w-a21-a22-b21
INFO:root:Running with configuration: custom-atm-d-m-a21-a22-b21
INFO:root:Running with configuration: custom-craftdroid-a-w-a21-a22-b21
INFO:root:Running with configuration: custom-craftdroid-a-m-a21-a22-b21
INFO:root:Running with configuration: custom-craftdroid-n-w-a21-a22-b21
INFO:root:Running with configuration: custom-craftdroid-n-m-a21-a22-b21
INFO:root:Running with configuration: custom-craftdroid-d-w-a21-a22-b21
INFO:root:Running with configuration: custom-craftdroid-d-m-a21-a22-b21
INFO:root:Running with configuration: custom-craftdroid-r-w-a21-a22-b21
INFO:root:Running with configuration: custom-craftdroid-r-m-a21-a22-b21
INFO:root:Running with configuration: custom-craftdroid-o-w-a21-a22-b21
INFO:root:Running with configuration: custom-craftdroid-o-m-a21-a22-b21
INFO:root:Running with configuration: custom-craftdroid-i-w-a21-a22-b21
INFO:root:Running with configuration: custom-craftdroid-i-m-a21-a22-b21
INFO:root:Running with configuration: custom-craftdroid-d-w-a21-a22-b21
INFO:root:Running with configuration: custom-craftdroid-d-m-a21-a22-b21
INFO:root:Running with configuration: atm-union-a-w-a21-a22-b21
INFO:root:Running with configuration: atm-union-a-m-a21-a22-b21
INFO:root:Running with configuration: atm-union-n-w-a21-a22-b21
INFO:root:Running with configuration: atm-union-n-m-a21-a22-b21
INFO:root:Running with configuration: atm-union-d-w-a21-a22-b21
INFO:root:Running with configuration: atm-union-d-m-a21-a22-b21
INFO:root:Running with configuration: atm-union-r-w-a21-a22-b21
INFO:root:Running with configuration: atm-union-r-m-a21-a22-b21
INFO:root:Running with configuration: atm-union-o-w-a21-a22-b21
INFO:root:Running with configuration: atm-union-o-m-a21-a22-b21
INFO:root:Running with configuration: atm-union-i-w-a21-a22-b21
INFO:root:Running with configuration: atm-union-i-m-a21-a22-b21
INFO:root:Running with configuration: atm-union-d-w-a21-a22-b21
INFO:root:Running with configuration: atm-union-d-m-a21-a22-b21
INFO:root:Running with configuration: atm-atm-a-w-a21-a22-b21
INFO:root:Running with configuration: atm-atm-a-m-a21-a22-b21
INFO:root:Running with configuration: atm-atm-n-w-a21-a22-b21
INFO:root:Running with configuration: atm-atm-n-m-a21-a22-b21
INFO:root:Running with configuration: atm-atm-d-w-a21-a22-b21
INFO:root:Running with configuration: atm-atm-d-m-a21-a22-b21
INFO:root:Running with configuration: atm-atm-r-w-a21-a22-b21
INFO:root:Running with configuration: atm-atm-r-m-a21-a22-b21
INFO:root:Running with configuration: atm-atm-o-w-a21-a22-b21
INFO:root:Running with configuration: atm-atm-o-m-a21-a22-b21
INFO:root:Running with configuration: atm-atm-i-w-a21-a22-b21
INFO:root:Running with configuration: atm-atm-i-m-a21-a22-b21
INFO:root:Running with configuration: atm-atm-d-w-a21-a22-b21
INFO:root:Running with configuration: atm-atm-d-m-a21-a22-b21
INFO:root:Running with configuration: atm-craftdroid-a-w-a21-a22-b21
INFO:root:Running with configuration: atm-craftdroid-a-m-a21-a22-b21
INFO:root:Running with configuration: atm-craftdroid-n-w-a21-a22-b21
INFO:root:Running with configuration: atm-craftdroid-n-m-a21-a22-b21
INFO:root:Running with configuration: atm-craftdroid-d-w-a21-a22-b21
INFO:root:Running with configuration: atm-craftdroid-d-m-a21-a22-b21
INFO:root:Running with configuration: atm-craftdroid-r-w-a21-a22-b21
INFO:root:Running with configuration: atm-craftdroid-r-m-a21-a22-b21
INFO:root:Running with configuration: atm-craftdroid-o-w-a21-a22-b21
INFO:root:Running with configuration: atm-craftdroid-o-m-a21-a22-b21
INFO:root:Running with configuration: atm-craftdroid-i-w-a21-a22-b21
INFO:root:Running with configuration: atm-craftdroid-i-m-a21-a22-b21
INFO:root:Running with configuration: atm-craftdroid-d-w-a21-a22-b21
INFO:root:Running with configuration: atm-craftdroid-d-m-a21-a22-b21
INFO:root:Running with configuration: craftdroid-union-a-w-a21-a22-b21
INFO:root:Running with configuration: craftdroid-union-a-m-a21-a22-b21
INFO:root:Running with configuration: craftdroid-union-n-w-a21-a22-b21
INFO:root:Running with configuration: craftdroid-union-n-m-a21-a22-b21
INFO:root:Running with configuration: craftdroid-union-d-w-a21-a22-b21
INFO:root:Running with configuration: craftdroid-union-d-m-a21-a22-b21
INFO:root:Running with configuration: craftdroid-union-r-w-a21-a22-b21
INFO:root:Running with configuration: craftdroid-union-r-m-a21-a22-b21
INFO:root:Running with configuration: craftdroid-union-o-w-a21-a22-b21
INFO:root:Running with configuration: craftdroid-union-o-m-a21-a22-b21
INFO:root:Running with configuration: craftdroid-union-i-w-a21-a22-b21
INFO:root:Running with configuration: craftdroid-union-i-m-a21-a22-b21
INFO:root:Running with configuration: craftdroid-union-d-w-a21-a22-b21
INFO:root:Running with configuration: craftdroid-union-d-m-a21-a22-b21
INFO:root:Running with configuration: craftdroid-atm-a-w-a21-a22-b21
INFO:root:Running with configuration: craftdroid-atm-a-m-a21-a22-b21
INFO:root:Running with configuration: craftdroid-atm-n-w-a21-a22-b21
INFO:root:Running with configuration: craftdroid-atm-n-m-a21-a22-b21
INFO:root:Running with configuration: craftdroid-atm-d-w-a21-a22-b21
INFO:root:Running with configuration: craftdroid-atm-d-m-a21-a22-b21
INFO:root:Running with configuration: craftdroid-atm-r-w-a21-a22-b21
INFO:root:Running with configuration: craftdroid-atm-r-m-a21-a22-b21
INFO:root:Running with configuration: craftdroid-atm-o-w-a21-a22-b21
INFO:root:Running with configuration: craftdroid-atm-o-m-a21-a22-b21
INFO:root:Running with configuration: craftdroid-atm-i-w-a21-a22-b21
INFO:root:Running with configuration: craftdroid-atm-i-m-a21-a22-b21
INFO:root:Running with configuration: craftdroid-atm-d-w-a21-a22-b21
INFO:root:Running with configuration: craftdroid-atm-d-m-a21-a22-b21
INFO:root:Running with configuration: craftdroid-craftdroid-a-w-a21-a22-b21
INFO:root:Running with configuration: craftdroid-craftdroid-a-m-a21-a22-b21
INFO:root:Running with configuration: craftdroid-craftdroid-n-w-a21-a22-b21
INFO:root:Running with configuration: craftdroid-craftdroid-n-m-a21-a22-b21
INFO:root:Running with configuration: craftdroid-craftdroid-d-w-a21-a22-b21
INFO:root:Running with configuration: craftdroid-craftdroid-d-m-a21-a22-b21
INFO:root:Running with configuration: craftdroid-craftdroid-r-w-a21-a22-b21
INFO:root:Running with configuration: craftdroid-craftdroid-r-m-a21-a22-b21
INFO:root:Running with configuration: craftdroid-craftdroid-o-w-a21-a22-b21
INFO:root:Running with configuration: craftdroid-craftdroid-o-m-a21-a22-b21
INFO:root:Running with configuration: craftdroid-craftdroid-i-w-a21-a22-b21
INFO:root:Running with configuration: craftdroid-craftdroid-i-m-a21-a22-b21
INFO:root:Running with configuration: craftdroid-craftdroid-d-w-a21-a22-b21
INFO:root:Running with configuration: craftdroid-craftdroid-d-m-a21-a22-b21
INFO:root:Finished. Learned actions
INFO:root:Transfer time in sec: 0.03490614891052246
INFO:root:Start testing learned actions
INFO:root:Testing time in sec: 2.947695732116699
